2021-04-18 09:22:16,059 - INFO - <module> - 41 - Main: Logs started.
2021-04-18 09:22:16,059 - INFO - <module> - 108 - Main: Starting bot
2021-04-18 09:22:16,066 - INFO - <module> - 163 - Main: coglist: ['admin.py', 'cool.py', 'errorhandler.py', 'guild_listener.py', 'maintenance.py', 'member_listener.py', 'newshow.py', 'ormd_listener.py', 'parmtest.py', 'presence.py', 'redalert.py', 'showme.py', 'whoismafdet.py']
2021-04-18 09:22:16,154 - INFO - <module> - 176 - Main: Extensions loaded
2021-04-18 09:22:18,594 - INFO - on_ready - 208 - Main: Bot logged in and ready!
2021-04-18 09:22:18,594 - INFO - on_ready - 209 - Main: username: Mafdet
2021-04-18 09:22:18,594 - INFO - on_ready - 210 - Main: id: 617400220296413196
2021-04-18 09:22:18,594 - INFO - on_ready - 211 - Main: owner: 435170406748520448
2021-04-18 09:22:18,602 - INFO - on_ready - 221 - Main: Setting presence
2021-04-18 09:24:42,355 - INFO - quitbot - 34 - Shutting down.
2021-04-18 09:25:52,725 - INFO - <module> - 41 - Main: Logs started.
2021-04-18 09:25:52,726 - INFO - <module> - 109 - Main: Starting bot
2021-04-18 09:25:52,732 - INFO - <module> - 164 - Main: coglist: ['admin.py', 'cool.py', 'errorhandler.py', 'guild_listener.py', 'maintenance.py', 'member_listener.py', 'newshow.py', 'ormd_listener.py', 'parmtest.py', 'presence.py', 'redalert.py', 'showme.py', 'whoismafdet.py']
2021-04-18 09:25:52,795 - INFO - <module> - 177 - Main: Extensions loaded
2021-04-18 09:25:55,196 - INFO - on_ready - 209 - Main: Bot logged in and ready!
2021-04-18 09:25:55,196 - INFO - on_ready - 210 - Main: username: Mafdet
2021-04-18 09:25:55,196 - INFO - on_ready - 211 - Main: id: 617400220296413196
2021-04-18 09:25:55,196 - INFO - on_ready - 212 - Main: owner: 435170406748520448
2021-04-18 09:25:55,196 - INFO - on_ready - 222 - Main: Setting presence
2021-04-18 09:27:28,505 - INFO - quitbot - 34 - Shutting down.
2021-04-18 09:29:01,331 - INFO - <module> - 41 - Main: Logs started.
2021-04-18 09:29:01,331 - INFO - <module> - 109 - Main: Starting bot
2021-04-18 09:29:01,337 - INFO - <module> - 164 - Main: coglist: ['admin.py', 'cool.py', 'errorhandler.py', 'guild_listener.py', 'maintenance.py', 'member_listener.py', 'newshow.py', 'ormd_listener.py', 'parmtest.py', 'presence.py', 'redalert.py', 'showme.py', 'whoismafdet.py']
2021-04-18 09:29:01,349 - INFO - <module> - 177 - Main: Extensions loaded
2021-04-18 09:29:03,740 - INFO - on_ready - 209 - Main: Bot logged in and ready!
2021-04-18 09:29:03,740 - INFO - on_ready - 210 - Main: username: Mafdet
2021-04-18 09:29:03,740 - INFO - on_ready - 211 - Main: id: 617400220296413196
2021-04-18 09:29:03,740 - INFO - on_ready - 212 - Main: owner: 435170406748520448
2021-04-18 09:29:03,741 - INFO - on_ready - 222 - Main: Setting presence
2021-04-18 09:29:08,943 - INFO - ping - 252 - ping with logger
2021-04-18 09:29:16,771 - INFO - ping - 252 - ping with logger
2021-04-18 09:30:01,607 - INFO - quitbot - 34 - Shutting down.
2021-04-18 09:30:05,367 - INFO - <module> - 41 - Main: Logs started.
2021-04-18 09:30:05,367 - INFO - <module> - 109 - Main: Starting bot
2021-04-18 09:30:05,373 - INFO - <module> - 164 - Main: coglist: ['admin.py', 'cool.py', 'errorhandler.py', 'guild_listener.py', 'maintenance.py', 'member_listener.py', 'newshow.py', 'ormd_listener.py', 'parmtest.py', 'presence.py', 'redalert.py', 'showme.py', 'whoismafdet.py']
2021-04-18 09:30:05,387 - INFO - <module> - 177 - Main: Extensions loaded
2021-04-18 09:30:07,723 - INFO - on_ready - 209 - Main: Bot logged in and ready!
2021-04-18 09:30:07,723 - INFO - on_ready - 210 - Main: username: Mafdet
2021-04-18 09:30:07,723 - INFO - on_ready - 211 - Main: id: 617400220296413196
2021-04-18 09:30:07,723 - INFO - on_ready - 212 - Main: owner: 435170406748520448
2021-04-18 09:30:07,723 - INFO - on_ready - 222 - Main: Setting presence
2021-04-18 09:30:09,821 - INFO - ping - 252 - ping with logger
2021-04-18 09:30:09,822 - INFO - logme - 92 - inside main logme
2021-04-18 09:30:09,822 - INFO - logme - 94 - [JustATestServer | bot-commands] Galaxar/None: inside ping
2021-04-18 09:30:09,822 - INFO - ping - 254 - after logme
2021-04-18 09:31:19,718 - INFO - ping - 252 - ping with logger
2021-04-18 09:31:19,718 - INFO - logme - 92 - inside main logme
2021-04-18 09:31:19,718 - INFO - logme - 94 - [JustATestServer | bot-commands] Galaxar/MegaMind: inside ping
2021-04-18 09:31:19,718 - INFO - ping - 254 - after logme
2021-04-18 09:33:25,177 - INFO - quitbot - 34 - Shutting down.
2021-04-18 09:33:39,489 - INFO - <module> - 41 - Main: Logs started.
2021-04-18 09:33:39,489 - INFO - <module> - 114 - Main: Starting bot
2021-04-18 09:33:39,495 - INFO - <module> - 169 - Main: coglist: ['admin.py', 'cool.py', 'errorhandler.py', 'guild_listener.py', 'maintenance.py', 'member_listener.py', 'newshow.py', 'ormd_listener.py', 'parmtest.py', 'presence.py', 'redalert.py', 'showme.py', 'whoismafdet.py']
2021-04-18 09:33:39,508 - INFO - <module> - 182 - Main: Extensions loaded
2021-04-18 09:33:41,906 - INFO - on_ready - 214 - Main: Bot logged in and ready!
2021-04-18 09:33:41,906 - INFO - on_ready - 215 - Main: username: Mafdet
2021-04-18 09:33:41,906 - INFO - on_ready - 216 - Main: id: 617400220296413196
2021-04-18 09:33:41,906 - INFO - on_ready - 217 - Main: owner: 435170406748520448
2021-04-18 09:33:41,906 - INFO - on_ready - 227 - Main: Setting presence
2021-04-18 09:33:44,363 - INFO - ping - 257 - ping with logger
2021-04-18 09:33:44,363 - INFO - logme - 99 - [JustATestServer | bot-commands] Galaxar/MegaMind: inside ping
2021-04-18 09:33:44,364 - INFO - ping - 259 - after logme
2021-04-18 09:33:58,736 - INFO - ping - 257 - ping with logger
2021-04-18 09:33:58,736 - INFO - logme - 99 - [JustATestServer | bot-commands] Galaxar/Galaxar: inside ping
2021-04-18 09:33:58,736 - INFO - ping - 259 - after logme
2021-04-18 09:36:27,091 - INFO - quitbot - 34 - Shutting down.
2021-04-18 09:36:37,392 - INFO - <module> - 41 - Main: Logs started.
2021-04-18 09:36:37,393 - INFO - <module> - 114 - Main: Starting bot
2021-04-18 09:36:37,398 - INFO - <module> - 169 - Main: coglist: ['admin.py', 'cool.py', 'errorhandler.py', 'guild_listener.py', 'maintenance.py', 'member_listener.py', 'newshow.py', 'ormd_listener.py', 'parmtest.py', 'presence.py', 'redalert.py', 'showme.py', 'whoismafdet.py']
2021-04-18 09:36:37,411 - INFO - <module> - 182 - Main: Extensions loaded
2021-04-18 09:36:39,862 - INFO - on_ready - 214 - Main: Bot logged in and ready!
2021-04-18 09:36:39,862 - INFO - on_ready - 215 - Main: username: Mafdet
2021-04-18 09:36:39,862 - INFO - on_ready - 216 - Main: id: 617400220296413196
2021-04-18 09:36:39,862 - INFO - on_ready - 217 - Main: owner: 435170406748520448
2021-04-18 09:36:39,863 - INFO - on_ready - 227 - Main: Setting presence
2021-04-18 09:36:42,563 - INFO - logme - 99 - [JustATestServer | bot-commands] Galaxar/Galaxar: inside ping
2021-04-18 09:41:14,303 - INFO - reload - 59 - Guild: JustATestServer | Trying to reload cog: admin
2021-04-18 09:41:14,307 - INFO - reload - 65 - Guild: JustATestServer | reload_extension: admin reloaded
2021-04-18 10:10:31,100 - INFO - quitbot - 34 - Shutting down.
2021-04-18 10:10:38,271 - INFO - <module> - 41 - Main: Logs started.
2021-04-18 10:10:38,272 - INFO - <module> - 114 - Main: Starting bot
2021-04-18 10:10:38,278 - INFO - <module> - 169 - Main: coglist: ['admin.py', 'cool.py', 'errorhandler.py', 'guild_listener.py', 'maintenance.py', 'member_listener.py', 'newshow.py', 'ormd_listener.py', 'parmtest.py', 'presence.py', 'redalert.py', 'showme.py', 'whoismafdet.py']
2021-04-18 10:10:38,308 - INFO - <module> - 182 - Main: Extensions loaded
2021-04-18 10:10:40,687 - INFO - on_ready - 214 - Main: Bot logged in and ready!
2021-04-18 10:10:40,687 - INFO - on_ready - 215 - Main: username: Mafdet
2021-04-18 10:10:40,687 - INFO - on_ready - 216 - Main: id: 617400220296413196
2021-04-18 10:10:40,688 - INFO - on_ready - 217 - Main: owner: 435170406748520448
2021-04-18 10:10:40,688 - INFO - on_ready - 227 - Main: Setting presence
2021-04-18 10:10:48,403 - WARNING - cog_command_error - 29 - cog_command_error: Command raised an exception: NameError: name 'logme2' is not defined
2021-04-18 10:11:22,768 - WARNING - cog_command_error - 29 - cog_command_error: Command raised an exception: NameError: name 'logme2' is not defined
2021-04-18 10:12:43,256 - WARNING - cog_command_error - 29 - cog_command_error: Command raised an exception: NameError: name 'logme2' is not defined
2021-04-18 10:12:52,164 - INFO - redalert - 88 - redalert (no args)
2021-04-18 10:13:36,730 - WARNING - cog_command_error - 29 - cog_command_error: Command raised an exception: NameError: name 'logme2' is not defined
2021-04-18 10:13:45,590 - INFO - unload - 38 - Guild: JustATestServer | Trying to unload cog: cogs.logme2
2021-04-18 10:13:45,590 - INFO - unload - 45 - Guild: JustATestServer | unload_extension: logme2 is not loaded.
2021-04-18 10:13:53,587 - INFO - unload - 38 - Guild: JustATestServer | Trying to unload cog: cogs.admin
2021-04-18 10:13:53,588 - INFO - unload - 42 - Guild: JustATestServer | unload_extension: admin unloaded
2021-04-18 10:13:56,632 - INFO - on_command_error - 13 - CommandErrorHandler on_command_error: Command "r" is not found
2021-04-18 10:13:59,593 - INFO - quitbot - 34 - Shutting down.
2021-04-18 10:14:10,966 - INFO - <module> - 41 - Main: Logs started.
2021-04-18 10:14:10,966 - INFO - <module> - 114 - Main: Starting bot
2021-04-18 10:14:10,972 - INFO - <module> - 169 - Main: coglist: ['admin.py', 'cool.py', 'errorhandler.py', 'guild_listener.py', 'maintenance.py', 'member_listener.py', 'newshow.py', 'ormd_listener.py', 'parmtest.py', 'presence.py', 'redalert.py', 'showme.py', 'whoismafdet.py']
2021-04-18 10:14:10,986 - INFO - <module> - 182 - Main: Extensions loaded
2021-04-18 10:14:13,394 - INFO - on_ready - 214 - Main: Bot logged in and ready!
2021-04-18 10:14:13,394 - INFO - on_ready - 215 - Main: username: Mafdet
2021-04-18 10:14:13,394 - INFO - on_ready - 216 - Main: id: 617400220296413196
2021-04-18 10:14:13,394 - INFO - on_ready - 217 - Main: owner: 435170406748520448
2021-04-18 10:14:13,394 - INFO - on_ready - 227 - Main: Setting presence
2021-04-18 10:14:16,671 - INFO - logme - 99 - [JustATestServer | bot-commands] Galaxar/Galaxar: inside ping
2021-04-18 10:14:20,578 - INFO - on_command_error - 13 - CommandErrorHandler on_command_error: Command "r" is not found
2021-04-18 10:14:54,761 - INFO - redalert - 88 - redalert (no args)
2021-04-18 10:14:57,398 - INFO - on_command_error - 13 - CommandErrorHandler on_command_error: Command "r" is not found
2021-04-18 10:15:00,939 - INFO - quitbot - 34 - Shutting down.
2021-04-18 10:15:27,686 - INFO - <module> - 41 - Main: Logs started.
2021-04-18 10:15:27,686 - INFO - <module> - 114 - Main: Starting bot
2021-04-18 10:15:27,692 - INFO - <module> - 169 - Main: coglist: ['admin.py', 'cool.py', 'errorhandler.py', 'guild_listener.py', 'maintenance.py', 'member_listener.py', 'newshow.py', 'ormd_listener.py', 'parmtest.py', 'presence.py', 'redalert.py', 'showme.py', 'whoismafdet.py']
2021-04-18 10:15:27,706 - INFO - <module> - 182 - Main: Extensions loaded
2021-04-18 10:15:30,130 - INFO - on_ready - 214 - Main: Bot logged in and ready!
2021-04-18 10:15:30,130 - INFO - on_ready - 215 - Main: username: Mafdet
2021-04-18 10:15:30,130 - INFO - on_ready - 216 - Main: id: 617400220296413196
2021-04-18 10:15:30,130 - INFO - on_ready - 217 - Main: owner: 435170406748520448
2021-04-18 10:15:30,131 - INFO - on_ready - 227 - Main: Setting presence
2021-04-18 10:15:32,494 - INFO - reload - 68 - Guild: JustATestServer | reload_extension: admin reloaded
2021-04-18 10:15:36,175 - INFO - reload - 68 - Guild: JustATestServer | reload_extension: admin reloaded
2021-04-19 08:08:46,954 - INFO - quitbot - 34 - Shutting down.
2021-04-19 09:44:05,454 - INFO - <module> - 41 - Main: Logs started.
2021-04-19 09:44:05,467 - INFO - <module> - 114 - Main: Starting bot
2021-04-19 09:44:05,474 - INFO - <module> - 169 - Main: coglist: ['admin.py', 'cool.py', 'errorhandler.py', 'guild_listener.py', 'maintenance.py', 'member_listener.py', 'newshow.py', 'ormd_listener.py', 'parmtest.py', 'presence.py', 'redalert.py', 'showme.py', 'whoismafdet.py']
2021-04-19 09:44:05,564 - INFO - <module> - 182 - Main: Extensions loaded
2021-04-19 09:44:07,932 - INFO - on_ready - 214 - Main: Bot logged in and ready!
2021-04-19 09:44:07,932 - INFO - on_ready - 215 - Main: username: Mafdet
2021-04-19 09:44:07,932 - INFO - on_ready - 216 - Main: id: 617400220296413196
2021-04-19 09:44:07,932 - INFO - on_ready - 217 - Main: owner: 435170406748520448
2021-04-19 09:44:07,933 - INFO - on_ready - 227 - Main: Setting presence
2021-04-20 20:24:19,540 - INFO - quitbot - 34 - Shutting down.
2021-04-20 20:30:34,023 - INFO - <module> - 41 - Main: Logs started.
2021-04-20 20:30:34,023 - INFO - <module> - 114 - Main: Starting bot
2021-04-20 20:30:34,073 - INFO - <module> - 169 - Main: coglist: ['admin.py', 'cool.py', 'errorhandler.py', 'guild_listener.py', 'maintenance.py', 'member_listener.py', 'newshow.py', 'ormd_listener.py', 'parmtest.py', 'presence.py', 'redalert.py', 'showme.py', 'whoismafdet.py']
2021-04-20 20:30:35,309 - INFO - <module> - 182 - Main: Extensions loaded
2021-04-20 20:33:19,076 - INFO - <module> - 41 - Main: Logs started.
2021-04-20 20:33:19,076 - INFO - <module> - 114 - Main: Starting bot
2021-04-20 20:33:19,082 - INFO - <module> - 169 - Main: coglist: ['admin.py', 'cool.py', 'errorhandler.py', 'guild_listener.py', 'maintenance.py', 'member_listener.py', 'newshow.py', 'ormd_listener.py', 'parmtest.py', 'presence.py', 'redalert.py', 'showme.py', 'whoismafdet.py']
2021-04-20 20:33:19,096 - INFO - <module> - 182 - Main: Extensions loaded
2021-04-20 20:33:21,806 - INFO - on_ready - 214 - Main: Bot logged in and ready!
2021-04-20 20:33:21,806 - INFO - on_ready - 215 - Main: username: Mafdet
2021-04-20 20:33:21,807 - INFO - on_ready - 216 - Main: id: 617400220296413196
2021-04-20 20:33:21,807 - INFO - on_ready - 217 - Main: owner: 435170406748520448
2021-04-20 20:33:21,807 - INFO - on_ready - 227 - Main: Setting presence
2021-04-22 19:31:54,745 - INFO - on_member_join - 19 - Guild: New Crimson Cats | New member joined (pending): Pokchok#1682
2021-04-22 19:31:54,778 - INFO - on_member_update - 40 - Guild: New Crimson Cats | Member updated but still pending: Pokchok#1682
2021-04-22 19:32:42,236 - INFO - on_member_update - 32 - Guild: New Crimson Cats | Member now verified: Pokchok#1682
2021-04-24 08:55:20,662 - INFO - on_ready - 214 - Main: Bot logged in and ready!
2021-04-24 08:55:20,702 - INFO - on_ready - 215 - Main: username: Mafdet
2021-04-24 08:55:20,703 - INFO - on_ready - 216 - Main: id: 617400220296413196
2021-04-24 08:55:20,703 - INFO - on_ready - 217 - Main: owner: 435170406748520448
2021-04-24 08:55:20,703 - INFO - on_ready - 227 - Main: Setting presence
2021-04-24 09:10:13,353 - INFO - on_ready - 214 - Main: Bot logged in and ready!
2021-04-24 09:10:13,371 - INFO - on_ready - 215 - Main: username: Mafdet
2021-04-24 09:10:13,371 - INFO - on_ready - 216 - Main: id: 617400220296413196
2021-04-24 09:10:13,371 - INFO - on_ready - 217 - Main: owner: 435170406748520448
2021-04-24 09:10:13,371 - INFO - on_ready - 227 - Main: Setting presence
2021-04-24 09:17:35,074 - INFO - on_ready - 214 - Main: Bot logged in and ready!
2021-04-24 09:17:35,088 - INFO - on_ready - 215 - Main: username: Mafdet
2021-04-24 09:17:35,089 - INFO - on_ready - 216 - Main: id: 617400220296413196
2021-04-24 09:17:35,089 - INFO - on_ready - 217 - Main: owner: 435170406748520448
2021-04-24 09:17:35,089 - INFO - on_ready - 227 - Main: Setting presence
2021-04-24 17:13:14,248 - INFO - on_ready - 214 - Main: Bot logged in and ready!
2021-04-24 17:13:14,306 - INFO - on_ready - 215 - Main: username: Mafdet
2021-04-24 17:13:14,306 - INFO - on_ready - 216 - Main: id: 617400220296413196
2021-04-24 17:13:14,306 - INFO - on_ready - 217 - Main: owner: 435170406748520448
2021-04-24 17:13:14,306 - INFO - on_ready - 227 - Main: Setting presence
2021-04-24 17:26:38,582 - INFO - on_ready - 214 - Main: Bot logged in and ready!
2021-04-24 17:26:38,600 - INFO - on_ready - 215 - Main: username: Mafdet
2021-04-24 17:26:38,601 - INFO - on_ready - 216 - Main: id: 617400220296413196
2021-04-24 17:26:38,601 - INFO - on_ready - 217 - Main: owner: 435170406748520448
2021-04-24 17:26:38,601 - INFO - on_ready - 227 - Main: Setting presence
2021-04-25 08:17:07,984 - INFO - <module> - 41 - Main: Logs started.
2021-04-25 08:17:07,984 - INFO - <module> - 114 - Main: Starting bot
2021-04-25 08:17:08,016 - INFO - <module> - 169 - Main: coglist: ['admin.py', 'cool.py', 'errorhandler.py', 'guild_listener.py', 'maintenance.py', 'member_listener.py', 'newshow.py', 'ormd_listener.py', 'parmtest.py', 'presence.py', 'redalert.py', 'showme.py', 'whoismafdet.py']
2021-04-25 08:17:08,239 - INFO - <module> - 182 - Main: Extensions loaded
2021-04-25 08:17:11,058 - INFO - on_ready - 214 - Main: Bot logged in and ready!
2021-04-25 08:17:11,058 - INFO - on_ready - 215 - Main: username: Mafdet
2021-04-25 08:17:11,058 - INFO - on_ready - 216 - Main: id: 617400220296413196
2021-04-25 08:17:11,058 - INFO - on_ready - 217 - Main: owner: 435170406748520448
2021-04-25 08:17:11,058 - INFO - on_ready - 227 - Main: Setting presence
2021-04-25 10:57:22,353 - INFO - quitbot - 34 - Shutting down.
2021-04-25 15:15:14,625 - INFO - <module> - 41 - Main: Logs started.
2021-04-25 15:15:14,638 - INFO - <module> - 114 - Main: Starting bot
2021-04-25 15:15:14,654 - INFO - <module> - 169 - Main: coglist: ['admin.py', 'cool.py', 'errorhandler.py', 'guild_listener.py', 'maintenance.py', 'member_listener.py', 'newshow.py', 'ormd_listener.py', 'parmtest.py', 'presence.py', 'redalert.py', 'showme.py', 'whoismafdet.py']
2021-04-25 15:15:14,735 - INFO - <module> - 182 - Main: Extensions loaded
2021-04-25 15:15:17,180 - INFO - on_ready - 214 - Main: Bot logged in and ready!
2021-04-25 15:15:17,180 - INFO - on_ready - 215 - Main: username: Mafdet
2021-04-25 15:15:17,180 - INFO - on_ready - 216 - Main: id: 617400220296413196
2021-04-25 15:15:17,180 - INFO - on_ready - 217 - Main: owner: 435170406748520448
2021-04-25 15:15:17,181 - INFO - on_ready - 227 - Main: Setting presence
2021-04-25 15:52:52,106 - INFO - <module> - 41 - Main: Logs started.
2021-04-25 15:52:52,106 - INFO - <module> - 114 - Main: Starting bot
2021-04-25 15:52:52,260 - INFO - <module> - 169 - Main: coglist: ['admin.py', 'cool.py', 'errorhandler.py', 'guild_listener.py', 'maintenance.py', 'member_listener.py', 'newshow.py', 'ormd_listener.py', 'parmtest.py', 'presence.py', 'redalert.py', 'showme.py', 'whoismafdet.py']
2021-04-25 15:52:54,309 - INFO - <module> - 182 - Main: Extensions loaded
2021-04-25 16:23:50,364 - INFO - <module> - 41 - Main: Logs started.
2021-04-25 16:23:50,365 - INFO - <module> - 114 - Main: Starting bot
2021-04-25 16:23:50,372 - INFO - <module> - 169 - Main: coglist: ['admin.py', 'cool.py', 'errorhandler.py', 'guild_listener.py', 'maintenance.py', 'member_listener.py', 'newshow.py', 'ormd_listener.py', 'parmtest.py', 'presence.py', 'redalert.py', 'showme.py', 'whoismafdet.py']
2021-04-25 16:23:50,394 - INFO - <module> - 182 - Main: Extensions loaded
2021-04-25 16:23:52,804 - INFO - on_ready - 214 - Main: Bot logged in and ready!
2021-04-25 16:23:52,805 - INFO - on_ready - 215 - Main: username: Mafdet
2021-04-25 16:23:52,805 - INFO - on_ready - 216 - Main: id: 617400220296413196
2021-04-25 16:23:52,805 - INFO - on_ready - 217 - Main: owner: 435170406748520448
2021-04-25 16:23:52,805 - INFO - on_ready - 227 - Main: Setting presence
2021-04-25 16:27:29,359 - INFO - on_ready - 214 - Main: Bot logged in and ready!
2021-04-25 16:27:29,380 - INFO - on_ready - 215 - Main: username: Mafdet
2021-04-25 16:27:29,380 - INFO - on_ready - 216 - Main: id: 617400220296413196
2021-04-25 16:27:29,380 - INFO - on_ready - 217 - Main: owner: 435170406748520448
2021-04-25 16:27:29,381 - INFO - on_ready - 227 - Main: Setting presence
2021-04-25 16:32:56,145 - INFO - on_ready - 214 - Main: Bot logged in and ready!
2021-04-25 16:32:56,157 - INFO - on_ready - 215 - Main: username: Mafdet
2021-04-25 16:32:56,157 - INFO - on_ready - 216 - Main: id: 617400220296413196
2021-04-25 16:32:56,157 - INFO - on_ready - 217 - Main: owner: 435170406748520448
2021-04-25 16:32:56,157 - INFO - on_ready - 227 - Main: Setting presence
2021-04-28 01:54:46,589 - INFO - on_ready - 214 - Main: Bot logged in and ready!
2021-04-28 01:54:46,601 - INFO - on_ready - 215 - Main: username: Mafdet
2021-04-28 01:54:46,601 - INFO - on_ready - 216 - Main: id: 617400220296413196
2021-04-28 01:54:46,601 - INFO - on_ready - 217 - Main: owner: 435170406748520448
2021-04-28 01:54:46,612 - INFO - on_ready - 227 - Main: Setting presence
2021-05-08 08:05:23,943 - INFO - on_member_join - 15 - Guild: JustATestServer | Bot added to the server: Red Clone
2021-05-08 08:15:24,990 - INFO - on_guild_channel_update - 15 - OGCU before: all-members-19
2021-05-08 08:15:25,061 - INFO - on_guild_channel_update - 16 - OGCU after : all-members-20
2021-05-08 08:15:25,063 - INFO - on_guild_channel_update - 15 - OGCU before: bots-16
2021-05-08 08:15:25,063 - INFO - on_guild_channel_update - 16 - OGCU after : bots-17
2021-05-08 08:29:20,615 - INFO - on_guild_channel_update - 15 - OGCU before: all-members-20
2021-05-08 08:29:20,623 - INFO - on_guild_channel_update - 16 - OGCU after : all-members-20
2021-05-08 08:29:20,650 - INFO - on_guild_channel_update - 15 - OGCU before: members-3
2021-05-08 08:29:20,652 - INFO - on_guild_channel_update - 16 - OGCU after : members-3
2021-05-08 08:29:20,652 - INFO - on_guild_channel_update - 15 - OGCU before: bots-17
2021-05-08 08:29:20,652 - INFO - on_guild_channel_update - 16 - OGCU after : bots-17
2021-05-08 08:29:20,652 - INFO - on_guild_channel_update - 15 - OGCU before: welcome
2021-05-08 08:29:20,652 - INFO - on_guild_channel_update - 16 - OGCU after : welcome
2021-05-08 08:29:20,654 - INFO - on_guild_channel_update - 15 - OGCU before: red-alert
2021-05-08 08:29:20,654 - INFO - on_guild_channel_update - 16 - OGCU after : red-alert
2021-05-08 08:29:20,654 - INFO - on_guild_channel_update - 15 - OGCU before: dyno-logs
2021-05-08 08:29:20,654 - INFO - on_guild_channel_update - 16 - OGCU after : dyno-logs
2021-05-08 08:29:20,655 - INFO - on_guild_channel_update - 15 - OGCU before: guests
2021-05-08 08:29:20,655 - INFO - on_guild_channel_update - 16 - OGCU after : guests
2021-05-08 08:29:20,664 - INFO - on_guild_channel_update - 15 - OGCU before: advanced-only
2021-05-08 08:29:20,664 - INFO - on_guild_channel_update - 16 - OGCU after : advanced-only
2021-05-08 08:29:20,669 - INFO - on_guild_channel_update - 15 - OGCU before: bot-commands
2021-05-08 08:29:20,670 - INFO - on_guild_channel_update - 16 - OGCU after : bot-commands
2021-05-08 08:29:20,808 - INFO - on_guild_channel_update - 15 - OGCU before: bot-commands
2021-05-08 08:29:20,808 - INFO - on_guild_channel_update - 16 - OGCU after : bot-commands
2021-05-08 08:29:20,808 - INFO - on_guild_channel_update - 15 - OGCU before: for-webhooks
2021-05-08 08:29:20,808 - INFO - on_guild_channel_update - 16 - OGCU after : for-webhooks
2021-05-08 08:29:20,808 - INFO - on_guild_channel_update - 15 - OGCU before: slow
2021-05-08 08:29:20,809 - INFO - on_guild_channel_update - 16 - OGCU after : slow
2021-05-08 08:29:20,809 - INFO - on_guild_channel_update - 15 - OGCU before: moderator-only
2021-05-08 08:29:20,809 - INFO - on_guild_channel_update - 16 - OGCU after : moderator-only
2021-05-08 08:29:20,809 - INFO - on_guild_channel_update - 15 - OGCU before: welcome-no-roles
2021-05-08 08:29:20,809 - INFO - on_guild_channel_update - 16 - OGCU after : welcome-no-roles
2021-05-08 08:29:20,811 - INFO - on_guild_channel_update - 15 - OGCU before: rules
2021-05-08 08:29:20,811 - INFO - on_guild_channel_update - 16 - OGCU after : rules
2021-05-08 08:29:20,811 - INFO - on_guild_channel_update - 15 - OGCU before: wumpus-lobby
2021-05-08 08:29:20,811 - INFO - on_guild_channel_update - 16 - OGCU after : wumpus-lobby
2021-05-08 08:29:20,870 - INFO - on_guild_channel_update - 15 - OGCU before: open
2021-05-08 08:29:20,870 - INFO - on_guild_channel_update - 16 - OGCU after : open
2021-05-08 08:29:42,641 - INFO - on_guild_channel_update - 15 - OGCU before: bot-commands
2021-05-08 08:29:42,660 - INFO - on_guild_channel_update - 16 - OGCU after : statbot-commands
2021-05-08 08:30:00,256 - INFO - on_guild_channel_update - 15 - OGCU before: bot-commands
2021-05-08 08:30:00,256 - INFO - on_guild_channel_update - 16 - OGCU after : mafdet-commands
2021-05-08 08:30:27,623 - INFO - on_guild_channel_update - 15 - OGCU before: red-commands
2021-05-08 08:30:27,623 - INFO - on_guild_channel_update - 16 - OGCU after : red-commands
2021-05-08 08:30:27,638 - INFO - on_guild_channel_update - 15 - OGCU before: for-webhooks
2021-05-08 08:30:27,638 - INFO - on_guild_channel_update - 16 - OGCU after : for-webhooks
2021-05-08 08:30:27,652 - INFO - on_guild_channel_update - 15 - OGCU before: slow
2021-05-08 08:30:27,653 - INFO - on_guild_channel_update - 16 - OGCU after : slow
2021-05-08 08:30:27,689 - INFO - on_guild_channel_update - 15 - OGCU before: moderator-only
2021-05-08 08:30:27,689 - INFO - on_guild_channel_update - 16 - OGCU after : moderator-only
2021-05-08 08:30:27,694 - INFO - on_guild_channel_update - 15 - OGCU before: welcome-no-roles
2021-05-08 08:30:27,694 - INFO - on_guild_channel_update - 16 - OGCU after : welcome-no-roles
2021-05-08 08:30:27,703 - INFO - on_guild_channel_update - 15 - OGCU before: rules
2021-05-08 08:30:27,703 - INFO - on_guild_channel_update - 16 - OGCU after : rules
2021-05-08 08:30:27,705 - INFO - on_guild_channel_update - 15 - OGCU before: wumpus-lobby
2021-05-08 08:30:27,705 - INFO - on_guild_channel_update - 16 - OGCU after : wumpus-lobby
2021-05-08 08:30:27,721 - INFO - on_guild_channel_update - 15 - OGCU before: open
2021-05-08 08:30:27,721 - INFO - on_guild_channel_update - 16 - OGCU after : open
2021-05-08 10:12:34,730 - INFO - on_member_remove - 62 - Member left: Guild: JustATestServer | Red Clone#4281
2021-05-08 10:22:44,763 - INFO - on_guild_channel_update - 15 - OGCU before: all-members-20
2021-05-08 10:22:44,782 - INFO - on_guild_channel_update - 16 - OGCU after : all-members-19
2021-05-08 10:22:44,785 - INFO - on_guild_channel_update - 15 - OGCU before: bots-17
2021-05-08 10:22:44,785 - INFO - on_guild_channel_update - 16 - OGCU after : bots-16
2021-05-09 12:12:20,653 - WARNING - _send_frame - 571 - websocket connection is closing.
2021-05-09 13:24:08,547 - INFO - <module> - 41 - Main: Logs started.
2021-05-09 13:24:08,559 - INFO - <module> - 114 - Main: Starting bot
2021-05-09 13:24:08,578 - INFO - <module> - 169 - Main: coglist: ['admin.py', 'cool.py', 'errorhandler.py', 'guild_listener.py', 'maintenance.py', 'member_listener.py', 'newshow.py', 'ormd_listener.py', 'parmtest.py', 'presence.py', 'redalert.py', 'showme.py', 'whoismafdet.py']
2021-05-09 13:24:08,649 - INFO - <module> - 182 - Main: Extensions loaded
2021-05-09 13:24:11,205 - INFO - on_ready - 214 - Main: Bot logged in and ready!
2021-05-09 13:24:11,205 - INFO - on_ready - 215 - Main: username: Mafdet
2021-05-09 13:24:11,205 - INFO - on_ready - 216 - Main: id: 617400220296413196
2021-05-09 13:24:11,205 - INFO - on_ready - 217 - Main: owner: 435170406748520448
2021-05-09 13:24:11,206 - INFO - on_ready - 227 - Main: Setting presence
2021-05-10 07:44:27,759 - INFO - quitbot - 34 - Shutting down.
2021-05-16 08:21:11,233 - INFO - <module> - 41 - Main: Logs started.
2021-05-16 08:21:11,240 - INFO - <module> - 114 - Main: Starting bot
2021-05-16 08:21:11,264 - INFO - <module> - 169 - Main: coglist: ['admin.py', 'cool.py', 'errorhandler.py', 'guild_listener.py', 'maintenance.py', 'member_listener.py', 'newshow.py', 'ormd_listener.py', 'parmtest.py', 'presence.py', 'redalert.py', 'showme.py', 'whoismafdet.py']
2021-05-16 08:21:11,422 - INFO - <module> - 182 - Main: Extensions loaded
2021-05-16 08:21:14,448 - INFO - on_ready - 214 - Main: Bot logged in and ready!
2021-05-16 08:21:14,449 - INFO - on_ready - 215 - Main: username: Mafdet
2021-05-16 08:21:14,449 - INFO - on_ready - 216 - Main: id: 617400220296413196
2021-05-16 08:21:14,449 - INFO - on_ready - 217 - Main: owner: 435170406748520448
2021-05-16 08:21:14,449 - INFO - on_ready - 227 - Main: Setting presence
2021-05-16 16:23:56,768 - INFO - <module> - 41 - Main: Logs started.
2021-05-16 16:23:56,769 - INFO - <module> - 114 - Main: Starting bot
2021-05-16 16:23:56,782 - INFO - <module> - 169 - Main: coglist: ['admin.py', 'cool.py', 'errorhandler.py', 'guild_listener.py', 'maintenance.py', 'member_listener.py', 'newshow.py', 'ormd_listener.py', 'parmtest.py', 'presence.py', 'redalert.py', 'showme.py', 'whoismafdet.py']
2021-05-16 16:23:56,862 - INFO - <module> - 182 - Main: Extensions loaded
2021-05-16 16:23:59,290 - INFO - on_ready - 214 - Main: Bot logged in and ready!
2021-05-16 16:23:59,291 - INFO - on_ready - 215 - Main: username: Mafdet
2021-05-16 16:23:59,291 - INFO - on_ready - 216 - Main: id: 617400220296413196
2021-05-16 16:23:59,291 - INFO - on_ready - 217 - Main: owner: 435170406748520448
2021-05-16 16:23:59,291 - INFO - on_ready - 227 - Main: Setting presence
2021-05-16 20:51:05,497 - INFO - on_ready - 214 - Main: Bot logged in and ready!
2021-05-16 20:51:05,499 - INFO - on_ready - 215 - Main: username: Mafdet
2021-05-16 20:51:05,499 - INFO - on_ready - 216 - Main: id: 617400220296413196
2021-05-16 20:51:05,499 - INFO - on_ready - 217 - Main: owner: 435170406748520448
2021-05-16 20:51:05,499 - INFO - on_ready - 227 - Main: Setting presence
2021-05-16 20:57:06,002 - INFO - on_ready - 214 - Main: Bot logged in and ready!
2021-05-16 20:57:06,007 - INFO - on_ready - 215 - Main: username: Mafdet
2021-05-16 20:57:06,007 - INFO - on_ready - 216 - Main: id: 617400220296413196
2021-05-16 20:57:06,007 - INFO - on_ready - 217 - Main: owner: 435170406748520448
2021-05-16 20:57:06,007 - INFO - on_ready - 227 - Main: Setting presence
2021-05-16 21:08:17,204 - INFO - on_ready - 214 - Main: Bot logged in and ready!
2021-05-16 21:08:17,209 - INFO - on_ready - 215 - Main: username: Mafdet
2021-05-16 21:08:17,209 - INFO - on_ready - 216 - Main: id: 617400220296413196
2021-05-16 21:08:17,209 - INFO - on_ready - 217 - Main: owner: 435170406748520448
2021-05-16 21:08:17,209 - INFO - on_ready - 227 - Main: Setting presence
2021-05-16 21:48:58,040 - INFO - on_ready - 214 - Main: Bot logged in and ready!
2021-05-16 21:48:58,040 - INFO - on_ready - 215 - Main: username: Mafdet
2021-05-16 21:48:58,040 - INFO - on_ready - 216 - Main: id: 617400220296413196
2021-05-16 21:48:58,040 - INFO - on_ready - 217 - Main: owner: 435170406748520448
2021-05-16 21:48:58,041 - INFO - on_ready - 227 - Main: Setting presence
2021-05-16 21:54:36,371 - INFO - on_ready - 214 - Main: Bot logged in and ready!
2021-05-16 21:54:36,446 - INFO - on_ready - 215 - Main: username: Mafdet
2021-05-16 21:54:36,447 - INFO - on_ready - 216 - Main: id: 617400220296413196
2021-05-16 21:54:36,447 - INFO - on_ready - 217 - Main: owner: 435170406748520448
2021-05-16 21:54:36,447 - INFO - on_ready - 227 - Main: Setting presence
2021-05-16 22:38:40,035 - INFO - on_ready - 214 - Main: Bot logged in and ready!
2021-05-16 22:38:40,082 - INFO - on_ready - 215 - Main: username: Mafdet
2021-05-16 22:38:40,082 - INFO - on_ready - 216 - Main: id: 617400220296413196
2021-05-16 22:38:40,082 - INFO - on_ready - 217 - Main: owner: 435170406748520448
2021-05-16 22:38:40,082 - INFO - on_ready - 227 - Main: Setting presence
2021-05-16 23:02:38,500 - INFO - on_ready - 214 - Main: Bot logged in and ready!
2021-05-16 23:02:38,521 - INFO - on_ready - 215 - Main: username: Mafdet
2021-05-16 23:02:38,521 - INFO - on_ready - 216 - Main: id: 617400220296413196
2021-05-16 23:02:38,521 - INFO - on_ready - 217 - Main: owner: 435170406748520448
2021-05-16 23:02:38,522 - INFO - on_ready - 227 - Main: Setting presence
2021-05-16 23:38:37,322 - INFO - on_ready - 214 - Main: Bot logged in and ready!
2021-05-16 23:38:37,327 - INFO - on_ready - 215 - Main: username: Mafdet
2021-05-16 23:38:37,327 - INFO - on_ready - 216 - Main: id: 617400220296413196
2021-05-16 23:38:37,327 - INFO - on_ready - 217 - Main: owner: 435170406748520448
2021-05-16 23:38:37,328 - INFO - on_ready - 227 - Main: Setting presence
2021-05-16 23:53:21,891 - INFO - on_ready - 214 - Main: Bot logged in and ready!
2021-05-16 23:53:21,917 - INFO - on_ready - 215 - Main: username: Mafdet
2021-05-16 23:53:21,917 - INFO - on_ready - 216 - Main: id: 617400220296413196
2021-05-16 23:53:21,917 - INFO - on_ready - 217 - Main: owner: 435170406748520448
2021-05-16 23:53:21,918 - INFO - on_ready - 227 - Main: Setting presence
2021-05-17 00:05:01,236 - INFO - on_ready - 214 - Main: Bot logged in and ready!
2021-05-17 00:05:01,258 - INFO - on_ready - 215 - Main: username: Mafdet
2021-05-17 00:05:01,258 - INFO - on_ready - 216 - Main: id: 617400220296413196
2021-05-17 00:05:01,258 - INFO - on_ready - 217 - Main: owner: 435170406748520448
2021-05-17 00:05:01,258 - INFO - on_ready - 227 - Main: Setting presence
2021-05-17 00:26:56,885 - INFO - on_ready - 214 - Main: Bot logged in and ready!
2021-05-17 00:26:56,892 - INFO - on_ready - 215 - Main: username: Mafdet
2021-05-17 00:26:56,892 - INFO - on_ready - 216 - Main: id: 617400220296413196
2021-05-17 00:26:56,892 - INFO - on_ready - 217 - Main: owner: 435170406748520448
2021-05-17 00:26:56,892 - INFO - on_ready - 227 - Main: Setting presence
2021-05-17 00:34:29,465 - INFO - on_ready - 214 - Main: Bot logged in and ready!
2021-05-17 00:34:29,466 - INFO - on_ready - 215 - Main: username: Mafdet
2021-05-17 00:34:29,466 - INFO - on_ready - 216 - Main: id: 617400220296413196
2021-05-17 00:34:29,467 - INFO - on_ready - 217 - Main: owner: 435170406748520448
2021-05-17 00:34:29,467 - INFO - on_ready - 227 - Main: Setting presence
2021-05-17 20:39:42,307 - INFO - redalert - 86 - redalert args: <@!694695627178770433> getting raided
2021-05-17 20:40:45,251 - INFO - redalert - 86 - redalert args: [S:468245102 X:-16.79053 Y:619.7936] noonian getting raided
2021-05-17 20:40:45,251 - INFO - redalert - 144 - redalert coords: [S:468245102 X:-16.79053 Y:619.7936]
2021-05-17 20:40:45,251 - INFO - redalert - 145 - redalert ratext: noonian getting raided
2021-05-17 20:40:45,263 - INFO - redalert - 149 - rachannel: red-alert
2021-05-17 20:40:45,416 - INFO - send_embed - 51 - cancel time: Mon, May 17, 2021 at 9:50:45 PM
2021-05-17 20:40:45,774 - INFO - send_embed - 61 - Red Alert: posted coords to ctx channel
2021-05-17 20:40:46,083 - INFO - send_embed - 70 - Red Alert: posted coords to red alert channel
2021-05-17 20:40:46,083 - INFO - send_embed - 74 - Red Alert: (BlueEagle81 [ÇRIM]) [S:468245102 X:-16.79053 Y:619.7936] noonian getting raided
2021-05-17 20:40:46,083 - INFO - redalert - 155 - Red Alert: sent embed
2021-05-17 20:40:46,369 - INFO - on_raw_message_delete - 20 - ORMD : using cached_message
2021-05-17 20:40:46,369 - INFO - on_raw_message_delete - 24 - ORMD : BlueEagle81 (Crim) deleted a message from New Crimson Cats #general
--- Message Start ---
.redalert [S:468245102 X:-16.79053 Y:619.7936] noonian getting raided
--- Message End ---
2021-05-17 20:50:46,342 - INFO - on_raw_message_delete - 20 - ORMD : using cached_message
2021-05-17 20:50:46,365 - INFO - on_raw_message_delete - 24 - ORMD : Mafdet deleted a message from New Crimson Cats #red-alert
--- Message Start ---

--- Message End ---
2021-05-17 20:50:46,461 - INFO - on_raw_message_delete - 20 - ORMD : using cached_message
2021-05-17 20:50:46,462 - INFO - on_raw_message_delete - 24 - ORMD : Mafdet deleted a message from New Crimson Cats #red-alert
--- Message Start ---
[S:468245102 X:-16.79053 Y:619.7936]
--- Message End ---
2021-05-18 01:30:00,257 - INFO - on_ready - 214 - Main: Bot logged in and ready!
2021-05-18 01:30:00,270 - INFO - on_ready - 215 - Main: username: Mafdet
2021-05-18 01:30:00,270 - INFO - on_ready - 216 - Main: id: 617400220296413196
2021-05-18 01:30:00,270 - INFO - on_ready - 217 - Main: owner: 435170406748520448
2021-05-18 01:30:00,271 - INFO - on_ready - 227 - Main: Setting presence
2021-05-18 06:34:58,817 - INFO - redalert - 88 - redalert (no args)
2021-05-18 06:35:35,566 - INFO - redalert - 86 - redalert args: [System s:1 x:1.1 y:2.2] <@!435170406748520448> help!
2021-05-18 06:35:35,570 - INFO - redalert - 144 - redalert coords: [System s:1 x:1.1 y:2.2]
2021-05-18 06:35:35,570 - INFO - redalert - 145 - redalert ratext: <@!435170406748520448> help!
2021-05-18 06:35:35,585 - INFO - redalert - 149 - rachannel: red-alert
2021-05-18 06:35:35,612 - INFO - send_embed - 51 - cancel time: Tue, May 18, 2021 at 7:45:35 AM
2021-05-18 06:35:36,091 - INFO - send_embed - 61 - Red Alert: posted coords to ctx channel
2021-05-18 06:35:36,384 - INFO - send_embed - 70 - Red Alert: posted coords to red alert channel
2021-05-18 06:35:36,385 - INFO - send_embed - 74 - Red Alert: (Galaxar) [System s:1 x:1.1 y:2.2] <@!435170406748520448> help!
2021-05-18 06:35:36,385 - INFO - redalert - 155 - Red Alert: sent embed
2021-05-18 06:35:36,584 - INFO - on_raw_message_delete - 20 - ORMD : using cached_message
2021-05-18 06:35:36,584 - INFO - on_raw_message_delete - 24 - ORMD : Galaxar deleted a message from JustATestServer #mafdet-commands
--- Message Start ---
.redalert [System s:1 x:1.1 y:2.2] <@!435170406748520448> help!
--- Message End ---
2021-05-18 06:37:12,620 - INFO - quitbot - 34 - Shutting down.
2021-05-21 07:10:33,640 - INFO - <module> - 41 - Main: Logs started.
2021-05-21 07:10:33,657 - INFO - <module> - 114 - Main: Starting bot
2021-05-21 07:10:33,691 - INFO - <module> - 169 - Main: coglist: ['admin.py', 'cool.py', 'errorhandler.py', 'guild_listener.py', 'maintenance.py', 'member_listener.py', 'newshow.py', 'ormd_listener.py', 'parmtest.py', 'presence.py', 'redalert.py', 'showme.py', 'whoismafdet.py']
2021-05-21 07:10:33,769 - INFO - <module> - 182 - Main: Extensions loaded
2021-05-21 07:10:36,340 - INFO - on_ready - 214 - Main: Bot logged in and ready!
2021-05-21 07:10:36,340 - INFO - on_ready - 215 - Main: username: Mafdet
2021-05-21 07:10:36,340 - INFO - on_ready - 216 - Main: id: 617400220296413196
2021-05-21 07:10:36,340 - INFO - on_ready - 217 - Main: owner: 435170406748520448
2021-05-21 07:10:36,341 - INFO - on_ready - 227 - Main: Setting presence
2021-05-21 07:24:43,116 - INFO - on_guild_update - 20 - OGU before: New Crimson Cats
2021-05-21 07:24:43,126 - INFO - on_guild_update - 21 - OGU after : New Crimson Cats
2021-05-22 08:07:29,961 - INFO - <module> - 41 - Main: Logs started.
2021-05-22 08:07:29,978 - INFO - <module> - 114 - Main: Starting bot
2021-05-22 08:07:30,000 - INFO - <module> - 169 - Main: coglist: ['admin.py', 'cool.py', 'errorhandler.py', 'guild_listener.py', 'maintenance.py', 'member_listener.py', 'newshow.py', 'ormd_listener.py', 'parmtest.py', 'presence.py', 'redalert.py', 'showme.py', 'whoismafdet.py']
2021-05-22 08:07:30,205 - INFO - <module> - 182 - Main: Extensions loaded
2021-05-22 08:07:32,814 - INFO - on_ready - 214 - Main: Bot logged in and ready!
2021-05-22 08:07:32,815 - INFO - on_ready - 215 - Main: username: Mafdet
2021-05-22 08:07:32,815 - INFO - on_ready - 216 - Main: id: 617400220296413196
2021-05-22 08:07:32,815 - INFO - on_ready - 217 - Main: owner: 435170406748520448
2021-05-22 08:07:32,815 - INFO - on_ready - 227 - Main: Setting presence
2021-05-24 07:36:34,920 - INFO - redalert - 88 - redalert (no args)
2021-05-26 16:51:05,341 - INFO - redalert - 86 - redalert args: [[ÇRIM] MacCullum S:468245102 X:223.2095 Y:-460.2064] <@574804230247022593> getting raided.
2021-05-26 16:51:05,460 - INFO - redalert - 144 - redalert coords: [[ÇRIM] MacCullum S:468245102 X:223.2095 Y:-460.2064]
2021-05-26 16:51:05,460 - INFO - redalert - 145 - redalert ratext: <@574804230247022593> getting raided.
2021-05-26 16:51:05,491 - INFO - redalert - 149 - rachannel: red-alert
2021-05-26 16:51:05,782 - INFO - send_embed - 51 - cancel time: Wed, May 26, 2021 at 6:01:05 PM
2021-05-26 16:51:06,227 - INFO - send_embed - 61 - Red Alert: posted coords to ctx channel
2021-05-26 16:51:06,526 - INFO - send_embed - 70 - Red Alert: posted coords to red alert channel
2021-05-26 16:51:06,526 - INFO - send_embed - 74 - Red Alert: (MasterNewb [ÇRIM]) [[ÇRIM] MacCullum S:468245102 X:223.2095 Y:-460.2064] <@574804230247022593> getting raided.
2021-05-26 16:51:06,526 - INFO - redalert - 155 - Red Alert: sent embed
2021-05-26 16:51:06,760 - INFO - on_raw_message_delete - 20 - ORMD : using cached_message
2021-05-26 16:51:06,760 - INFO - on_raw_message_delete - 24 - ORMD : Cam deleted a message from New Crimson Cats #general
--- Message Start ---
.redalert [[ÇRIM] MacCullum S:468245102 X:223.2095 Y:-460.2064] <@574804230247022593> getting raided.
--- Message End ---
2021-05-26 17:01:06,794 - INFO - on_raw_message_delete - 20 - ORMD : using cached_message
2021-05-26 17:01:06,807 - INFO - on_raw_message_delete - 24 - ORMD : Mafdet deleted a message from New Crimson Cats #red-alert
--- Message Start ---

--- Message End ---
2021-05-26 17:01:06,881 - INFO - on_raw_message_delete - 20 - ORMD : using cached_message
2021-05-26 17:01:06,882 - INFO - on_raw_message_delete - 24 - ORMD : Mafdet deleted a message from New Crimson Cats #red-alert
--- Message Start ---
[[ÇRIM] MacCullum S:468245102 X:223.2095 Y:-460.2064]
--- Message End ---
2021-05-27 07:53:17,810 - INFO - reload - 80 - Guild JustATestServer | reload_extension: admin.py is not loaded.
2021-05-27 07:53:17,816 - WARNING - reload - 97 - Guild: JustATestServer | load_extension: admin.py raised exception: __path__ attribute not found on 'cogs.admin' while trying to find 'cogs.admin.py'
2021-05-27 07:55:26,725 - INFO - reload - 68 - Guild: JustATestServer | reload_extension: admin reloaded
2021-05-27 07:55:42,484 - WARNING - reload - 101 - Guild: JustATestServer | reload_extension: Extension 'cogs.admin' raised an error: TabError: inconsistent use of tabs and spaces in indentation (admin.py, line 13)
2021-05-27 07:55:59,163 - INFO - reload - 69 - Guild: JustATestServer | reload_extension: admin reloaded
2021-05-27 07:56:12,943 - INFO - cog_check - 12 - Guild: JustATestServer | cog_check: True
2021-05-27 07:56:40,062 - INFO - cog_check - 12 - Guild: JustATestServer | cog_check: True
2021-05-27 07:59:13,360 - INFO - cog_check - 12 - Guild: JustATestServer | cog_check: True
2021-05-27 07:59:28,333 - INFO - cog_check - 12 - Guild: JustATestServer | cog_check: True
2021-05-27 07:59:31,360 - INFO - cog_check - 12 - Guild: JustATestServer | cog_check: True
2021-05-27 08:02:43,429 - INFO - cog_check - 12 - Guild: JustATestServer | cog_check: True
2021-05-27 08:03:47,540 - INFO - cog_check - 12 - Guild: JustATestServer | cog_check: True
2021-05-27 08:03:50,861 - INFO - cog_check - 12 - Guild: JustATestServer | cog_check: True
2021-05-27 08:04:16,973 - INFO - cog_check - 12 - Guild: JustATestServer | cog_check: True
2021-05-27 08:04:21,628 - INFO - cog_check - 12 - Guild: JustATestServer | cog_check: True
2021-05-27 08:05:03,448 - INFO - cog_check - 12 - Guild: JustATestServer | cog_check: True
2021-05-27 08:05:05,707 - INFO - cog_check - 12 - Guild: JustATestServer | cog_check: True
2021-05-27 08:05:19,346 - INFO - cog_check - 12 - Guild: JustATestServer | cog_check: True
2021-05-27 08:06:02,566 - INFO - cog_check - 12 - Guild: JustATestServer | cog_check: True
2021-05-27 08:06:18,149 - INFO - cog_check - 12 - Guild: JustATestServer | cog_check: True
2021-05-27 08:06:27,196 - INFO - cog_check - 12 - Guild: JustATestServer | cog_check: True
2021-05-27 08:08:08,899 - INFO - cog_check - 12 - Guild: JustATestServer | cog_check: True
2021-05-27 08:09:20,004 - INFO - quitbot - 34 - Shutting down.
2021-05-27 08:09:28,384 - INFO - <module> - 41 - Main: Logs started.
2021-05-27 08:09:28,384 - INFO - <module> - 114 - Main: Starting bot
2021-05-27 08:09:28,397 - INFO - <module> - 169 - Main: coglist: ['admin.py', 'cool.py', 'errorhandler.py', 'guild_listener.py', 'maintenance.py', 'member_listener.py', 'newshow.py', 'ormd_listener.py', 'parmtest.py', 'presence.py', 'redalert.py', 'showme.py', 'whoismafdet.py']
2021-05-27 08:09:28,461 - INFO - <module> - 182 - Main: Extensions loaded
2021-05-27 08:09:30,942 - INFO - on_ready - 214 - Main: Bot logged in and ready!
2021-05-27 08:09:30,942 - INFO - on_ready - 215 - Main: username: Mafdet
2021-05-27 08:09:30,942 - INFO - on_ready - 216 - Main: id: 617400220296413196
2021-05-27 08:09:30,942 - INFO - on_ready - 217 - Main: owner: 435170406748520448
2021-05-27 08:09:30,943 - INFO - on_ready - 227 - Main: Setting presence
2021-05-27 08:09:39,960 - INFO - logme - 99 - [JustATestServer | mafdet-commands] Galaxar/Galaxar: inside ping
2021-05-27 16:46:01,795 - INFO - on_guild_channel_update - 15 - OGCU before: mafdet-commands
2021-05-27 16:46:01,806 - INFO - on_guild_channel_update - 16 - OGCU after : mafdet-commands
2021-05-27 16:46:01,835 - INFO - on_member_remove - 62 - Member left: Guild: JustATestServer | ServerStatsPremium#3256
2021-05-27 16:56:09,475 - INFO - on_guild_channel_update - 15 - OGCU before: all-members-19
2021-05-27 16:56:09,476 - INFO - on_guild_channel_update - 16 - OGCU after : all-members-18
2021-05-27 16:56:09,477 - INFO - on_guild_channel_update - 15 - OGCU before: bots-16
2021-05-27 16:56:09,477 - INFO - on_guild_channel_update - 16 - OGCU after : bots-15
2021-05-27 18:31:11,663 - INFO - on_guild_channel_update - 15 - OGCU before: ten-forward-welcome-channel
2021-05-27 18:31:11,674 - INFO - on_guild_channel_update - 16 - OGCU after : ten-forward-welcome-channel
2021-05-27 18:31:14,485 - INFO - on_guild_channel_update - 15 - OGCU before: ten-forward-welcome-channel
2021-05-27 18:31:14,485 - INFO - on_guild_channel_update - 16 - OGCU after : ten-forward-welcome-channel
2021-05-28 06:48:05,943 - INFO - cog_check - 11 - Guild: JustATestServer | cog_check: True
2021-05-28 06:48:05,953 - INFO - cog_check - 12 - logger line - 435170406748520448
2021-05-28 06:48:05,999 - INFO - reload - 85 - Guild JustATestServer | reload_extension: ping2 is not loaded.
2021-05-28 06:48:06,099 - WARNING - reload - 99 - Guild: JustATestServer | load_extension: ping2 failed to start.
2021-05-28 06:50:28,833 - INFO - cog_check - 11 - Guild: JustATestServer | cog_check: True
2021-05-28 06:50:28,834 - INFO - cog_check - 12 - logger line - 435170406748520448
2021-05-28 06:50:28,834 - INFO - reload - 85 - Guild JustATestServer | reload_extension: ping2 is not loaded.
2021-05-28 06:50:28,849 - WARNING - reload - 99 - Guild: JustATestServer | load_extension: ping2 failed to start.
2021-05-28 06:53:09,234 - INFO - cog_check - 11 - Guild: JustATestServer | cog_check: True
2021-05-28 06:53:09,235 - INFO - cog_check - 12 - logger line - 435170406748520448
2021-05-28 06:53:09,235 - INFO - reload - 85 - Guild JustATestServer | reload_extension: ping2 is not loaded.
2021-05-28 06:53:09,312 - INFO - reload - 90 - Guild: JustATestServer | load_extension: ping2 loaded.
2021-05-28 06:53:40,245 - INFO - cog_check - 11 - Guild: JustATestServer | cog_check: True
2021-05-28 06:53:40,246 - INFO - cog_check - 12 - logger line - 435170406748520448
2021-05-28 06:53:40,427 - INFO - reload - 73 - Guild: JustATestServer | reload_extension: ping2 reloaded
2021-05-28 06:53:42,344 - WARNING - cog_command_error - 27 - Command raised an exception: NameError: name 'bot' is not defined
2021-05-28 06:54:42,953 - INFO - cog_check - 11 - Guild: JustATestServer | cog_check: True
2021-05-28 06:54:42,953 - INFO - cog_check - 12 - logger line - 435170406748520448
2021-05-28 06:54:42,956 - INFO - reload - 73 - Guild: JustATestServer | reload_extension: ping2 reloaded
2021-05-28 06:54:45,420 - WARNING - cog_command_error - 27 - Command raised an exception: NameError: name 'logme' is not defined
2021-05-28 22:10:32,578 - INFO - redalert - 86 - redalert args: [[ÇRIM] DoomedNation S:468245102 X:72.61279 Y:657.743] getting attacked by nude
2021-05-28 22:10:32,679 - INFO - redalert - 144 - redalert coords: [[ÇRIM] DoomedNation S:468245102 X:72.61279 Y:657.743]
2021-05-28 22:10:32,680 - INFO - redalert - 145 - redalert ratext: getting attacked by nude
2021-05-28 22:10:32,704 - INFO - redalert - 149 - rachannel: red-alert
2021-05-28 22:10:32,960 - INFO - send_embed - 51 - cancel time: Fri, May 28, 2021 at 11:20:32 PM
2021-05-28 22:10:33,532 - INFO - send_embed - 61 - Red Alert: posted coords to ctx channel
2021-05-28 22:10:33,904 - INFO - send_embed - 70 - Red Alert: posted coords to red alert channel
2021-05-28 22:10:33,904 - INFO - send_embed - 74 - Red Alert: (BlueEagle81 [ÇRIM]) [[ÇRIM] DoomedNation S:468245102 X:72.61279 Y:657.743] getting attacked by nude
2021-05-28 22:10:33,904 - INFO - redalert - 155 - Red Alert: sent embed
2021-05-28 22:10:34,226 - INFO - on_raw_message_delete - 20 - ORMD : using cached_message
2021-05-28 22:10:34,227 - INFO - on_raw_message_delete - 24 - ORMD : BlueEagle81 (Crim) deleted a message from New Crimson Cats #general
--- Message Start ---
.redalert [[ÇRIM] DoomedNation S:468245102 X:72.61279 Y:657.743] getting attacked by nude
--- Message End ---
2021-05-28 22:20:34,213 - INFO - on_raw_message_delete - 20 - ORMD : using cached_message
2021-05-28 22:20:34,215 - INFO - on_raw_message_delete - 24 - ORMD : Mafdet deleted a message from New Crimson Cats #red-alert
--- Message Start ---

--- Message End ---
2021-05-28 22:20:34,291 - INFO - on_raw_message_delete - 20 - ORMD : using cached_message
2021-05-28 22:20:34,291 - INFO - on_raw_message_delete - 24 - ORMD : Mafdet deleted a message from New Crimson Cats #red-alert
--- Message Start ---
[[ÇRIM] DoomedNation S:468245102 X:72.61279 Y:657.743]
--- Message End ---
2021-05-29 13:14:32,441 - INFO - <module> - 41 - Main: Logs started.
2021-05-29 13:14:32,442 - INFO - <module> - 114 - Main: Starting bot
2021-05-29 13:14:32,454 - INFO - <module> - 169 - Main: coglist: ['admin.py', 'cool.py', 'errorhandler.py', 'guild_listener.py', 'maintenance.py', 'member_listener.py', 'newshow.py', 'ormd_listener.py', 'parmtest.py', 'presence.py', 'redalert.py', 'showme.py', 'whoismafdet.py']
2021-05-29 13:14:32,525 - INFO - <module> - 182 - Main: Extensions loaded
2021-05-29 13:14:34,894 - INFO - on_ready - 214 - Main: Bot logged in and ready!
2021-05-29 13:14:34,894 - INFO - on_ready - 215 - Main: username: Mafdet
2021-05-29 13:14:34,894 - INFO - on_ready - 216 - Main: id: 617400220296413196
2021-05-29 13:14:34,894 - INFO - on_ready - 217 - Main: owner: 435170406748520448
2021-05-29 13:14:34,895 - INFO - on_ready - 227 - Main: Setting presence
2021-05-31 14:43:02,091 - INFO - on_ready - 214 - Main: Bot logged in and ready!
2021-05-31 14:43:02,097 - INFO - on_ready - 215 - Main: username: Mafdet
2021-05-31 14:43:02,097 - INFO - on_ready - 216 - Main: id: 617400220296413196
2021-05-31 14:43:02,097 - INFO - on_ready - 217 - Main: owner: 435170406748520448
2021-05-31 14:43:02,098 - INFO - on_ready - 227 - Main: Setting presence
2021-05-31 15:15:37,726 - INFO - on_ready - 214 - Main: Bot logged in and ready!
2021-05-31 15:15:37,747 - INFO - on_ready - 215 - Main: username: Mafdet
2021-05-31 15:15:37,747 - INFO - on_ready - 216 - Main: id: 617400220296413196
2021-05-31 15:15:37,747 - INFO - on_ready - 217 - Main: owner: 435170406748520448
2021-05-31 15:15:37,748 - INFO - on_ready - 227 - Main: Setting presence
2021-05-31 15:28:27,583 - INFO - on_ready - 214 - Main: Bot logged in and ready!
2021-05-31 15:28:27,594 - INFO - on_ready - 215 - Main: username: Mafdet
2021-05-31 15:28:27,594 - INFO - on_ready - 216 - Main: id: 617400220296413196
2021-05-31 15:28:27,594 - INFO - on_ready - 217 - Main: owner: 435170406748520448
2021-05-31 15:28:27,594 - INFO - on_ready - 227 - Main: Setting presence
2021-05-31 16:15:40,447 - INFO - on_ready - 214 - Main: Bot logged in and ready!
2021-05-31 16:15:40,488 - INFO - on_ready - 215 - Main: username: Mafdet
2021-05-31 16:15:40,488 - INFO - on_ready - 216 - Main: id: 617400220296413196
2021-05-31 16:15:40,488 - INFO - on_ready - 217 - Main: owner: 435170406748520448
2021-05-31 16:15:40,489 - INFO - on_ready - 227 - Main: Setting presence
2021-05-31 16:24:15,738 - INFO - on_ready - 214 - Main: Bot logged in and ready!
2021-05-31 16:24:15,752 - INFO - on_ready - 215 - Main: username: Mafdet
2021-05-31 16:24:15,752 - INFO - on_ready - 216 - Main: id: 617400220296413196
2021-05-31 16:24:15,752 - INFO - on_ready - 217 - Main: owner: 435170406748520448
2021-05-31 16:24:15,752 - INFO - on_ready - 227 - Main: Setting presence
2021-05-31 16:30:07,836 - INFO - on_ready - 214 - Main: Bot logged in and ready!
2021-05-31 16:30:07,855 - INFO - on_ready - 215 - Main: username: Mafdet
2021-05-31 16:30:07,856 - INFO - on_ready - 216 - Main: id: 617400220296413196
2021-05-31 16:30:07,857 - INFO - on_ready - 217 - Main: owner: 435170406748520448
2021-05-31 16:30:07,857 - INFO - on_ready - 227 - Main: Setting presence
2021-05-31 16:48:34,971 - INFO - on_ready - 214 - Main: Bot logged in and ready!
2021-05-31 16:48:34,990 - INFO - on_ready - 215 - Main: username: Mafdet
2021-05-31 16:48:34,990 - INFO - on_ready - 216 - Main: id: 617400220296413196
2021-05-31 16:48:34,990 - INFO - on_ready - 217 - Main: owner: 435170406748520448
2021-05-31 16:48:34,991 - INFO - on_ready - 227 - Main: Setting presence
2021-05-31 17:30:19,133 - INFO - on_ready - 214 - Main: Bot logged in and ready!
2021-05-31 17:30:19,139 - INFO - on_ready - 215 - Main: username: Mafdet
2021-05-31 17:30:19,139 - INFO - on_ready - 216 - Main: id: 617400220296413196
2021-05-31 17:30:19,139 - INFO - on_ready - 217 - Main: owner: 435170406748520448
2021-05-31 17:30:19,140 - INFO - on_ready - 227 - Main: Setting presence
2021-05-31 17:38:17,228 - INFO - on_ready - 214 - Main: Bot logged in and ready!
2021-05-31 17:38:17,232 - INFO - on_ready - 215 - Main: username: Mafdet
2021-05-31 17:38:17,232 - INFO - on_ready - 216 - Main: id: 617400220296413196
2021-05-31 17:38:17,232 - INFO - on_ready - 217 - Main: owner: 435170406748520448
2021-05-31 17:38:17,232 - INFO - on_ready - 227 - Main: Setting presence
2021-05-31 18:01:43,152 - INFO - on_ready - 214 - Main: Bot logged in and ready!
2021-05-31 18:01:43,158 - INFO - on_ready - 215 - Main: username: Mafdet
2021-05-31 18:01:43,158 - INFO - on_ready - 216 - Main: id: 617400220296413196
2021-05-31 18:01:43,158 - INFO - on_ready - 217 - Main: owner: 435170406748520448
2021-05-31 18:01:43,158 - INFO - on_ready - 227 - Main: Setting presence
2021-05-31 18:22:18,256 - INFO - on_ready - 214 - Main: Bot logged in and ready!
2021-05-31 18:22:18,262 - INFO - on_ready - 215 - Main: username: Mafdet
2021-05-31 18:22:18,262 - INFO - on_ready - 216 - Main: id: 617400220296413196
2021-05-31 18:22:18,262 - INFO - on_ready - 217 - Main: owner: 435170406748520448
2021-05-31 18:22:18,262 - INFO - on_ready - 227 - Main: Setting presence
2021-06-02 02:05:27,957 - INFO - redalert - 88 - redalert (no args)
2021-06-02 02:06:42,750 - INFO - redalert - 86 - redalert args: S:468245102 X:235.2568 Y:-430.3874
2021-06-02 15:01:14,194 - INFO - redalert - 86 - redalert args: [P'Jem Space S:468245102 X:101.4087 Y:692.5953] <@559924486636306446> getting raided
2021-06-02 15:01:14,222 - INFO - redalert - 144 - redalert coords: [P'Jem Space S:468245102 X:101.4087 Y:692.5953]
2021-06-02 15:01:14,222 - INFO - redalert - 145 - redalert ratext: <@559924486636306446> getting raided
2021-06-02 15:01:14,271 - INFO - redalert - 149 - rachannel: red-alert
2021-06-02 15:01:20,457 - INFO - send_embed - 51 - cancel time: Wed, Jun 02, 2021 at 4:11:20 PM
2021-06-02 15:01:20,999 - INFO - send_embed - 61 - Red Alert: posted coords to ctx channel
2021-06-02 15:01:21,373 - INFO - send_embed - 70 - Red Alert: posted coords to red alert channel
2021-06-02 15:01:21,373 - INFO - send_embed - 74 - Red Alert: (MasterNewb [ÇRIM]) [P'Jem Space S:468245102 X:101.4087 Y:692.5953] <@559924486636306446> getting raided
2021-06-02 15:01:21,373 - INFO - redalert - 155 - Red Alert: sent embed
2021-06-02 15:01:21,604 - INFO - on_raw_message_delete - 20 - ORMD : using cached_message
2021-06-02 15:01:21,604 - INFO - on_raw_message_delete - 24 - ORMD : Cam deleted a message from New Crimson Cats #general
--- Message Start ---
.redalert [P'Jem Space S:468245102 X:101.4087 Y:692.5953] <@559924486636306446> getting raided
--- Message End ---
2021-06-02 15:08:36,182 - INFO - redalert - 86 - redalert args: [[ÇRIM] DoomedNation S:468245102 X:72.61279 Y:657.743]
2021-06-02 15:08:36,185 - INFO - redalert - 144 - redalert coords: [[ÇRIM] DoomedNation S:468245102 X:72.61279 Y:657.743]
2021-06-02 15:08:36,185 - INFO - redalert - 145 - redalert ratext: 
2021-06-02 15:08:36,187 - INFO - redalert - 149 - rachannel: red-alert
2021-06-02 15:08:36,189 - INFO - send_embed - 51 - cancel time: Wed, Jun 02, 2021 at 4:18:36 PM
2021-06-02 15:08:36,571 - INFO - send_embed - 61 - Red Alert: posted coords to ctx channel
2021-06-02 15:08:36,867 - INFO - send_embed - 70 - Red Alert: posted coords to red alert channel
2021-06-02 15:08:36,867 - INFO - send_embed - 74 - Red Alert: (BlueEagle81 [ÇRIM]) [[ÇRIM] DoomedNation S:468245102 X:72.61279 Y:657.743] 
2021-06-02 15:08:36,867 - INFO - redalert - 155 - Red Alert: sent embed
2021-06-02 15:08:37,051 - INFO - on_raw_message_delete - 20 - ORMD : using cached_message
2021-06-02 15:08:37,051 - INFO - on_raw_message_delete - 24 - ORMD : BlueEagle81 deleted a message from New Crimson Cats #general
--- Message Start ---
.redalert [[ÇRIM] DoomedNation S:468245102 X:72.61279 Y:657.743]
--- Message End ---
2021-06-02 15:11:21,413 - INFO - on_raw_message_delete - 20 - ORMD : using cached_message
2021-06-02 15:11:21,415 - INFO - on_raw_message_delete - 24 - ORMD : Mafdet deleted a message from New Crimson Cats #red-alert
--- Message Start ---

--- Message End ---
2021-06-02 15:11:21,633 - INFO - on_raw_message_delete - 20 - ORMD : using cached_message
2021-06-02 15:11:21,633 - INFO - on_raw_message_delete - 24 - ORMD : Mafdet deleted a message from New Crimson Cats #red-alert
--- Message Start ---
[P'Jem Space S:468245102 X:101.4087 Y:692.5953]
--- Message End ---
2021-06-02 15:18:37,113 - INFO - on_raw_message_delete - 20 - ORMD : using cached_message
2021-06-02 15:18:37,115 - INFO - on_raw_message_delete - 24 - ORMD : Mafdet deleted a message from New Crimson Cats #red-alert
--- Message Start ---

--- Message End ---
2021-06-02 15:18:37,193 - INFO - on_raw_message_delete - 20 - ORMD : using cached_message
2021-06-02 15:18:37,193 - INFO - on_raw_message_delete - 24 - ORMD : Mafdet deleted a message from New Crimson Cats #red-alert
--- Message Start ---
[[ÇRIM] DoomedNation S:468245102 X:72.61279 Y:657.743]
--- Message End ---
2021-06-03 14:34:58,863 - INFO - redalert - 86 - redalert args: [[ÇRIM] EricTheCrimson S:468245102 X:-4.743164 Y:649.6126]
2021-06-03 14:34:58,879 - INFO - redalert - 144 - redalert coords: [[ÇRIM] EricTheCrimson S:468245102 X:-4.743164 Y:649.6126]
2021-06-03 14:34:58,879 - INFO - redalert - 145 - redalert ratext: 
2021-06-03 14:34:58,886 - INFO - redalert - 149 - rachannel: red-alert
2021-06-03 14:34:58,932 - INFO - send_embed - 51 - cancel time: Thu, Jun 03, 2021 at 3:44:58 PM
2021-06-03 14:34:59,510 - INFO - send_embed - 61 - Red Alert: posted coords to ctx channel
2021-06-03 14:34:59,884 - INFO - send_embed - 70 - Red Alert: posted coords to red alert channel
2021-06-03 14:34:59,884 - INFO - send_embed - 74 - Red Alert: (BlueEagle81 [ÇRIM]) [[ÇRIM] EricTheCrimson S:468245102 X:-4.743164 Y:649.6126] 
2021-06-03 14:34:59,884 - INFO - redalert - 155 - Red Alert: sent embed
2021-06-03 14:35:00,085 - INFO - on_raw_message_delete - 20 - ORMD : using cached_message
2021-06-03 14:35:00,086 - INFO - on_raw_message_delete - 24 - ORMD : BlueEagle81 deleted a message from New Crimson Cats #general
--- Message Start ---
.redalert [[ÇRIM] EricTheCrimson S:468245102 X:-4.743164 Y:649.6126]
--- Message End ---
2021-06-03 14:45:00,102 - INFO - on_raw_message_delete - 20 - ORMD : using cached_message
2021-06-03 14:45:00,103 - INFO - on_raw_message_delete - 24 - ORMD : Mafdet deleted a message from New Crimson Cats #red-alert
--- Message Start ---

--- Message End ---
2021-06-03 14:45:00,199 - INFO - on_raw_message_delete - 20 - ORMD : using cached_message
2021-06-03 14:45:00,199 - INFO - on_raw_message_delete - 24 - ORMD : Mafdet deleted a message from New Crimson Cats #red-alert
--- Message Start ---
[[ÇRIM] EricTheCrimson S:468245102 X:-4.743164 Y:649.6126]
--- Message End ---
2021-06-04 07:25:35,810 - INFO - <module> - 41 - Main: Logs started.
2021-06-04 07:25:35,810 - INFO - <module> - 114 - Main: Starting bot
2021-06-04 07:25:35,942 - INFO - <module> - 169 - Main: coglist: ['admin.py', 'cool.py', 'errorhandler.py', 'guild_listener.py', 'maintenance.py', 'member_listener.py', 'newshow.py', 'ormd_listener.py', 'parmtest.py', 'presence.py', 'redalert.py', 'showme.py', 'whoismafdet.py']
2021-06-04 07:25:36,715 - INFO - <module> - 182 - Main: Extensions loaded
2021-06-04 07:26:21,663 - INFO - <module> - 41 - Main: Logs started.
2021-06-04 07:26:21,663 - INFO - <module> - 114 - Main: Starting bot
2021-06-04 07:26:21,669 - INFO - <module> - 169 - Main: coglist: ['admin.py', 'cool.py', 'errorhandler.py', 'guild_listener.py', 'maintenance.py', 'member_listener.py', 'newshow.py', 'ormd_listener.py', 'parmtest.py', 'presence.py', 'redalert.py', 'showme.py', 'whoismafdet.py']
2021-06-04 07:26:21,681 - INFO - <module> - 182 - Main: Extensions loaded
2021-06-04 07:26:24,058 - INFO - on_ready - 214 - Main: Bot logged in and ready!
2021-06-04 07:26:24,058 - INFO - on_ready - 215 - Main: username: Mafdet
2021-06-04 07:26:24,058 - INFO - on_ready - 216 - Main: id: 617400220296413196
2021-06-04 07:26:24,058 - INFO - on_ready - 217 - Main: owner: 435170406748520448
2021-06-04 07:26:24,059 - INFO - on_ready - 227 - Main: Setting presence
2021-06-04 11:12:12,439 - INFO - on_ready - 214 - Main: Bot logged in and ready!
2021-06-04 11:12:12,441 - INFO - on_ready - 215 - Main: username: Mafdet
2021-06-04 11:12:12,442 - INFO - on_ready - 216 - Main: id: 617400220296413196
2021-06-04 11:12:12,442 - INFO - on_ready - 217 - Main: owner: 435170406748520448
2021-06-04 11:12:12,442 - INFO - on_ready - 227 - Main: Setting presence
2021-06-04 11:35:37,503 - INFO - on_ready - 214 - Main: Bot logged in and ready!
2021-06-04 11:35:37,505 - INFO - on_ready - 215 - Main: username: Mafdet
2021-06-04 11:35:37,505 - INFO - on_ready - 216 - Main: id: 617400220296413196
2021-06-04 11:35:37,505 - INFO - on_ready - 217 - Main: owner: 435170406748520448
2021-06-04 11:35:37,505 - INFO - on_ready - 227 - Main: Setting presence
2021-06-04 11:59:50,912 - INFO - on_ready - 214 - Main: Bot logged in and ready!
2021-06-04 11:59:50,930 - INFO - on_ready - 215 - Main: username: Mafdet
2021-06-04 11:59:50,930 - INFO - on_ready - 216 - Main: id: 617400220296413196
2021-06-04 11:59:50,930 - INFO - on_ready - 217 - Main: owner: 435170406748520448
2021-06-04 11:59:50,930 - INFO - on_ready - 227 - Main: Setting presence
2021-06-04 12:17:55,610 - INFO - on_ready - 214 - Main: Bot logged in and ready!
2021-06-04 12:17:55,626 - INFO - on_ready - 215 - Main: username: Mafdet
2021-06-04 12:17:55,626 - INFO - on_ready - 216 - Main: id: 617400220296413196
2021-06-04 12:17:55,626 - INFO - on_ready - 217 - Main: owner: 435170406748520448
2021-06-04 12:17:55,627 - INFO - on_ready - 227 - Main: Setting presence
2021-06-04 17:22:33,697 - INFO - on_ready - 214 - Main: Bot logged in and ready!
2021-06-04 17:22:33,719 - INFO - on_ready - 215 - Main: username: Mafdet
2021-06-04 17:22:33,719 - INFO - on_ready - 216 - Main: id: 617400220296413196
2021-06-04 17:22:33,719 - INFO - on_ready - 217 - Main: owner: 435170406748520448
2021-06-04 17:22:33,719 - INFO - on_ready - 227 - Main: Setting presence
2021-06-04 17:47:45,230 - INFO - on_ready - 214 - Main: Bot logged in and ready!
2021-06-04 17:47:45,255 - INFO - on_ready - 215 - Main: username: Mafdet
2021-06-04 17:47:45,256 - INFO - on_ready - 216 - Main: id: 617400220296413196
2021-06-04 17:47:45,256 - INFO - on_ready - 217 - Main: owner: 435170406748520448
2021-06-04 17:47:45,256 - INFO - on_ready - 227 - Main: Setting presence
2021-06-04 18:01:21,411 - INFO - on_ready - 214 - Main: Bot logged in and ready!
2021-06-04 18:01:21,433 - INFO - on_ready - 215 - Main: username: Mafdet
2021-06-04 18:01:21,434 - INFO - on_ready - 216 - Main: id: 617400220296413196
2021-06-04 18:01:21,434 - INFO - on_ready - 217 - Main: owner: 435170406748520448
2021-06-04 18:01:21,434 - INFO - on_ready - 227 - Main: Setting presence
2021-06-04 18:19:28,240 - INFO - on_ready - 214 - Main: Bot logged in and ready!
2021-06-04 18:19:28,266 - INFO - on_ready - 215 - Main: username: Mafdet
2021-06-04 18:19:28,266 - INFO - on_ready - 216 - Main: id: 617400220296413196
2021-06-04 18:19:28,266 - INFO - on_ready - 217 - Main: owner: 435170406748520448
2021-06-04 18:19:28,267 - INFO - on_ready - 227 - Main: Setting presence
2021-06-04 18:34:39,847 - INFO - on_ready - 214 - Main: Bot logged in and ready!
2021-06-04 18:34:39,875 - INFO - on_ready - 215 - Main: username: Mafdet
2021-06-04 18:34:39,875 - INFO - on_ready - 216 - Main: id: 617400220296413196
2021-06-04 18:34:39,875 - INFO - on_ready - 217 - Main: owner: 435170406748520448
2021-06-04 18:34:39,876 - INFO - on_ready - 227 - Main: Setting presence
2021-06-04 18:59:28,220 - INFO - on_ready - 214 - Main: Bot logged in and ready!
2021-06-04 18:59:28,241 - INFO - on_ready - 215 - Main: username: Mafdet
2021-06-04 18:59:28,241 - INFO - on_ready - 216 - Main: id: 617400220296413196
2021-06-04 18:59:28,241 - INFO - on_ready - 217 - Main: owner: 435170406748520448
2021-06-04 18:59:28,241 - INFO - on_ready - 227 - Main: Setting presence
